2025-07-01 11:09:53,679 - INFO - Saturated Concentration: 1.2142213038030576 moles/kg
2025-07-01 11:09:53,679 - INFO - Saturated Brine Density: 1036.6630559845166 kg/m3
2025-07-01 11:09:53,679 - INFO - Saturated Brine Viscosity: 0.00035891074679318707 Pa.s
2025-07-01 11:09:55,563 - INFO - Time Step:32.14694419125098 yrs
2025-07-01 11:09:55,833 - INFO - particle locations 200.17518346377054 - 800.7758496341216 , 95.87358025372254 - 99.99997097372109
2025-07-01 11:09:57,395 - INFO - Downsampling particles...present count = 114361
2025-07-01 11:09:57,571 - INFO - Downsampled Particle count = 57327
2025-07-01 11:09:58,427 - INFO - Printing data at t = 32.14694419125098 years
2025-07-01 11:09:59,250 - INFO - Time Step:0.5441894647822324 yrs
2025-07-01 11:09:59,334 - INFO - particle locations 199.90792551874597 - 800.839724417424 , 95.82414190079277 - 99.99996874672998
2025-07-01 11:10:00,798 - INFO - Downsampling particles...present count = 57288
2025-07-01 11:10:00,907 - INFO - Downsampled Particle count = 28985
2025-07-01 11:10:02,206 - INFO - Time Step:0.54388675737615 yrs
2025-07-01 11:10:02,255 - INFO - particle locations 199.52025979434598 - 800.8375498586967 , 95.02649270049339 - 99.99994718270229
2025-07-01 11:10:03,699 - INFO - Downsampling particles...present count = 30257
2025-07-01 11:10:03,772 - INFO - Downsampled Particle count = 15716
2025-07-01 11:10:04,252 - INFO - Printing data at t = 33.235020413409366 years
2025-07-01 11:10:05,096 - INFO - Time Step:0.5438843531000279 yrs
2025-07-01 11:10:05,132 - INFO - particle locations 199.957686547207 - 801.0614055773414 , 94.72284642486738 - 99.99998031925114
2025-07-01 11:10:06,559 - INFO - Downsampling particles...present count = 17096
2025-07-01 11:10:06,614 - INFO - Downsampled Particle count = 9526
2025-07-01 11:10:07,926 - INFO - Time Step:0.5438842585436404 yrs
2025-07-01 11:10:07,952 - INFO - particle locations 200.80862892942773 - 801.0655217354073 , 95.04938571472047 - 99.99990862335346
2025-07-01 11:10:09,375 - INFO - Downsampling particles...present count = 10974
2025-07-01 11:10:09,418 - INFO - Downsampled Particle count = 7007
2025-07-01 11:10:09,886 - INFO - Printing data at t = 34.322789025053034 years
2025-07-01 11:10:10,711 - INFO - Time Step:0.5438850245653661 yrs
2025-07-01 11:10:10,734 - INFO - particle locations 199.8687079200451 - 800.8965517712745 , 94.86203727208692 - 99.9999295811403
2025-07-01 11:10:12,164 - INFO - Downsampling particles...present count = 8562
2025-07-01 11:10:12,202 - INFO - Downsampled Particle count = 6320
2025-07-01 11:10:13,503 - INFO - Time Step:0.5438810897826335 yrs
2025-07-01 11:10:13,526 - INFO - particle locations 200.23444024915887 - 800.6333631427707 , 94.41375306413299 - 99.99996424007031
2025-07-01 11:10:14,943 - INFO - Downsampling particles...present count = 8025
2025-07-01 11:10:14,980 - INFO - Downsampled Particle count = 6471
2025-07-01 11:10:15,455 - INFO - Printing data at t = 35.410555139401026 years
2025-07-01 11:10:16,283 - INFO - Time Step:0.5438768975521948 yrs
2025-07-01 11:10:16,306 - INFO - particle locations 200.06818951760724 - 800.5481987633684 , 94.29836912120003 - 99.99990816690278
2025-07-01 11:10:17,745 - INFO - Downsampling particles...present count = 7919
2025-07-01 11:10:17,782 - INFO - Downsampled Particle count = 6717
2025-07-01 11:10:19,100 - INFO - Time Step:0.5438846498710063 yrs
2025-07-01 11:10:19,124 - INFO - particle locations 200.02411722168807 - 800.5284041066981 , 93.43984051248623 - 99.99997951199617
2025-07-01 11:10:20,579 - INFO - Downsampling particles...present count = 8350
2025-07-01 11:10:20,617 - INFO - Downsampled Particle count = 7310
2025-07-01 11:10:21,107 - INFO - Printing data at t = 36.498316686824225 years
2025-07-01 11:10:21,932 - INFO - Time Step:0.543883239106596 yrs
2025-07-01 11:10:21,955 - INFO - particle locations 199.88279027326575 - 800.1606024253332 , 93.27846670396819 - 99.99998704701486
2025-07-01 11:10:23,400 - INFO - Downsampling particles...present count = 8721
2025-07-01 11:10:23,437 - INFO - Downsampled Particle count = 7559
2025-07-01 11:10:23,929 - INFO - Printing data at t = 37.042199925930824 years
2025-07-01 11:10:24,768 - INFO - Time Step:0.5438802804033408 yrs
2025-07-01 11:10:24,792 - INFO - particle locations 200.1010672824535 - 800.1118373074239 , 93.08716288684695 - 99.9999794146684
2025-07-01 11:10:26,214 - INFO - Downsampling particles...present count = 8871
2025-07-01 11:10:26,251 - INFO - Downsampled Particle count = 7574
2025-07-01 11:10:27,573 - INFO - Time Step:0.5438795404968232 yrs
2025-07-01 11:10:27,597 - INFO - particle locations 200.30752105676046 - 799.7579458416517 , 93.11594593907456 - 99.99990164490725
2025-07-01 11:10:29,044 - INFO - Downsampling particles...present count = 8846
2025-07-01 11:10:29,081 - INFO - Downsampled Particle count = 7802
2025-07-01 11:10:29,566 - INFO - Printing data at t = 38.12995974683099 years
2025-07-01 11:10:30,396 - INFO - Time Step:0.5438921363721041 yrs
2025-07-01 11:10:30,420 - INFO - particle locations 199.99651107966773 - 799.8081117560961 , 92.31935048809521 - 99.9999942076699
2025-07-01 11:10:31,865 - INFO - Downsampling particles...present count = 8998
2025-07-01 11:10:31,901 - INFO - Downsampled Particle count = 7877
2025-07-01 11:10:33,223 - INFO - Time Step:0.5438823417116532 yrs
2025-07-01 11:10:33,247 - INFO - particle locations 200.11479549350443 - 799.8733444086862 , 91.86970117106581 - 99.99991913819255
2025-07-01 11:10:34,675 - INFO - Downsampling particles...present count = 9514
2025-07-01 11:10:34,715 - INFO - Downsampled Particle count = 8207
2025-07-01 11:10:35,206 - INFO - Printing data at t = 39.21773422491474 years
2025-07-01 11:10:36,032 - INFO - Time Step:0.543881107043747 yrs
2025-07-01 11:10:36,056 - INFO - particle locations 200.05468179312567 - 799.8994631104375 , 91.21952870104784 - 99.9998993280133
2025-07-01 11:10:37,476 - INFO - Downsampling particles...present count = 9556
2025-07-01 11:10:37,514 - INFO - Downsampled Particle count = 8428
2025-07-01 11:10:38,834 - INFO - Time Step:0.5438869903847182 yrs
2025-07-01 11:10:38,860 - INFO - particle locations 199.93957781801996 - 799.3151531657267 , 91.12738332436578 - 99.99999699618684
2025-07-01 11:10:40,286 - INFO - Downsampling particles...present count = 9774
2025-07-01 11:10:40,324 - INFO - Downsampled Particle count = 8647
2025-07-01 11:10:40,820 - INFO - Printing data at t = 40.30550232234321 years
